<?xml version="1.0" encoding="utf-8"?><testsuites name="pytest tests"><testsuite name="pytest" errors="0" failures="2" skipped="0" tests="32" time="4.739" timestamp="2026-07-04T06:12:05.888505+00:00" hostname="agent-env-2174ba3e-de30-45c0-af1c-1c72aafe2531"><testcase classname="backend.tests.test_riseup_backend" name="test_00_health" time="0.244" /><testcase classname="backend.tests.test_riseup_backend" name="test_01_register" time="0.297" /><testcase classname="backend.tests.test_riseup_backend" name="test_02_duplicate_register" time="0.043" /><testcase classname="backend.tests.test_riseup_backend" name="test_03_login" time="0.265" /><testcase classname="backend.tests.test_riseup_backend" name="test_04_login_wrong_password" time="0.265" /><testcase classname="backend.tests.test_riseup_backend" name="test_05_me" time="0.045" /><testcase classname="backend.tests.test_riseup_backend" name="test_06_me_without_token_unauth" time="0.044" /><testcase classname="backend.tests.test_riseup_backend" name="test_10_onboarding" time="0.047" /><testcase classname="backend.tests.test_riseup_backend" name="test_11_update_personality" time="0.094" /><testcase classname="backend.tests.test_riseup_backend" name="test_20_create_goal" time="0.050" /><testcase classname="backend.tests.test_riseup_backend" name="test_21_list_goals" time="0.047" /><testcase classname="backend.tests.test_riseup_backend" name="test_22_get_goal" time="0.047" /><testcase classname="backend.tests.test_riseup_backend" name="test_23_generate_ai_plan" time="1.846"><failure message="AssertionError: AI plan appears to be fallback (LLM failure). Summary=Let's work toward: Learn Python in 30 days. Small steps daily. You've got this.&#10;assert not True">backend/tests/test_riseup_backend.py:176: in test_23_generate_ai_plan
    assert not is_fallback, f"AI plan appears to be fallback (LLM failure). Summary={summary}"
E   AssertionError: AI plan appears to be fallback (LLM failure). Summary=Let's work toward: Learn Python in 30 days. Small steps daily. You've got this.
E   assert not True</failure></testcase><testcase classname="backend.tests.test_riseup_backend" name="test_30_create_manual_task" time="0.045" /><testcase classname="backend.tests.test_riseup_backend" name="test_31_list_today_tasks" time="0.049" /><testcase classname="backend.tests.test_riseup_backend" name="test_32_complete_task_grants_xp" time="0.131" /><testcase classname="backend.tests.test_riseup_backend" name="test_40_create_and_check_habit" time="0.108" /><testcase classname="backend.tests.test_riseup_backend" name="test_50_mood" time="0.055" /><testcase classname="backend.tests.test_riseup_backend" name="test_51_journal" time="0.053" /><testcase classname="backend.tests.test_riseup_backend" name="test_60_chat_message" time="0.095"><failure message="AssertionError: LLM fallback returned: I'm having trouble connecting right now, but I'm still here for you. Please try again in a moment.&#10;assert &quot;I'm having ...ng right now&quot; not in &quot;I'm having ...in a moment.&quot;&#10;  &#10;  &quot;I'm having trouble connecting right now&quot; is contained here:&#10;    I'm having trouble connecting right now, but I'm still here for you. Please try again in a moment.&#10;  ? +++++++++++++++++++++++++++++++++++++++">backend/tests/test_riseup_backend.py:254: in test_60_chat_message
    assert fallback not in reply, f"LLM fallback returned: {reply}"
E   AssertionError: LLM fallback returned: I'm having trouble connecting right now, but I'm still here for you. Please try again in a moment.
E   assert "I'm having ...ng right now" not in "I'm having ...in a moment."
E     
E     "I'm having trouble connecting right now" is contained here:
E       I'm having trouble connecting right now, but I'm still here for you. Please try again in a moment.
E     ? +++++++++++++++++++++++++++++++++++++++</failure></testcase><testcase classname="backend.tests.test_riseup_backend" name="test_61_chat_history" time="0.049" /><testcase classname="backend.tests.test_riseup_backend" name="test_70_alarm_create_and_verify" time="0.199" /><testcase classname="backend.tests.test_riseup_backend" name="test_80_dashboard" time="0.050" /><testcase classname="backend.tests.test_riseup_backend" name="test_81_weekly_report" time="0.050" /><testcase classname="backend.tests.test_riseup_backend" name="test_90_protected_endpoints_require_auth[/goals-GET]" time="0.054" /><testcase classname="backend.tests.test_riseup_backend" name="test_90_protected_endpoints_require_auth[/tasks-GET]" time="0.045" /><testcase classname="backend.tests.test_riseup_backend" name="test_90_protected_endpoints_require_auth[/dashboard-GET]" time="0.048" /><testcase classname="backend.tests.test_riseup_backend" name="test_90_protected_endpoints_require_auth[/chat/history-GET]" time="0.053" /><testcase classname="backend.tests.test_riseup_backend" name="test_90_protected_endpoints_require_auth[/mood-GET]" time="0.045" /><testcase classname="backend.tests.test_riseup_backend" name="test_90_protected_endpoints_require_auth[/habits-GET]" time="0.044" /><testcase classname="backend.tests.test_riseup_backend" name="test_90_protected_endpoints_require_auth[/alarms-GET]" time="0.051" /><testcase classname="backend.tests.test_riseup_backend" name="test_90_protected_endpoints_require_auth[/reports/weekly-GET]" time="0.048" /></testsuite></testsuites>